<?xml version="1.0" encoding="UTF-8"?>
<!-- Generated by org.testng.reporters.JUnitXMLReporter -->
<testsuite ignored="0" hostname="DESKTOP-P9834MF" failures="1" tests="4" name="Test" time="29.222" errors="0" timestamp="2023-02-14T17:35:16 IST">
  <testcase classname="Numadics.QATest.Regression" name="verifyTitle" time="2.089"/>
  <testcase classname="Numadics.QATest.Regression" name="dropDown" time="1.833"/>
  <testcase classname="Numadics.QATest.Regression" name="qaPage" time="5.184">
    <failure type="java.lang.AssertionError" message="The following asserts failed:
	expected [Numadic Iot Pvt. Ltd. | Full time QA Enginr] but found [Numadic Iot Pvt. Ltd. | Full time QA Engineer]">
      <![CDATA[java.lang.AssertionError: The following asserts failed:
expected [Numadic Iot Pvt. Ltd. | Full time QA Enginr] but found [Numadic Iot Pvt. Ltd. | Full time QA Engineer]
at Numadics.QATest.PageObject.QAPage.VerifyQAPage(QAPage.java:47)
at Numadics.QATest.Regression.qaPage(Regression.java:73)
at java.base/java.util.ArrayList.forEach(ArrayList.java:1511)
... Removed 29 stack frames]]>
    </failure>
  </testcase> <!-- qaPage -->
  <testcase classname="Numadics.QATest.Regression" name="validations" time="16.956"/>
</testsuite> <!-- Test -->
