<?xml version="1.0" encoding="UTF-8"?>
<testng-results ignored="0" total="4" passed="3" failed="1" skipped="0">
  <reporter-output>
  </reporter-output>
  <suite started-at="2023-02-14T16:14:13 IST" name="Default suite" finished-at="2023-02-14T16:14:43 IST" duration-ms="30235">
    <groups>
    </groups>
    <test started-at="2023-02-14T16:14:13 IST" name="Default test" finished-at="2023-02-14T16:14:43 IST" duration-ms="30235">
      <class name="Numadics.QATest.Regression">
        <test-method is-config="true" signature="login()[pri:0, instance:Numadics.QATest.Regression@58399d82]" started-at="2023-02-14T16:14:13 IST" name="login" finished-at="2023-02-14T16:14:18 IST" duration-ms="5131" status="PASS">
          <reporter-output>
          </reporter-output>
        </test-method> <!-- login -->
        <test-method signature="verifyTitle()[pri:1, instance:Numadics.QATest.Regression@58399d82]" started-at="2023-02-14T16:14:18 IST" name="verifyTitle" finished-at="2023-02-14T16:14:20 IST" duration-ms="2091" status="PASS">
          <reporter-output>
          </reporter-output>
        </test-method> <!-- verifyTitle -->
        <test-method signature="dropDown()[pri:2, instance:Numadics.QATest.Regression@58399d82]" started-at="2023-02-14T16:14:20 IST" name="dropDown" finished-at="2023-02-14T16:14:23 IST" duration-ms="2805" status="PASS">
          <reporter-output>
          </reporter-output>
        </test-method> <!-- dropDown -->
        <test-method signature="qaPage()[pri:4, instance:Numadics.QATest.Regression@58399d82]" started-at="2023-02-14T16:14:23 IST" name="qaPage" finished-at="2023-02-14T16:14:28 IST" duration-ms="5164" status="FAIL">
          <exception class="java.lang.AssertionError">
            <message>
              <![CDATA[The following asserts failed:
expected [Numadic Iot Pvt. Ltd. | Full time QA Enginr] but found [Numadic Iot Pvt. Ltd. | Full time QA Engineer]]]>
            </message>
            <full-stacktrace>
              <![CDATA[java.lang.AssertionError: The following asserts failed:
expected [Numadic Iot Pvt. Ltd. | Full time QA Enginr] but found [Numadic Iot Pvt. Ltd. | Full time QA Engineer]
at org.testng.asserts.SoftAssert.assertAll(SoftAssert.java:47)
at org.testng.asserts.SoftAssert.assertAll(SoftAssert.java:31)
at Numadics.QATest.PageObject.QAPage.VerifyQAPage(QAPage.java:47)
at Numadics.QATest.Regression.qaPage(Regression.java:70)
at java.base/jdk.internal.reflect.NativeMethodAccessorImpl.invoke0(Native Method)
at java.base/jdk.internal.reflect.NativeMethodAccessorImpl.invoke(NativeMethodAccessorImpl.java:77)
at java.base/jdk.internal.reflect.DelegatingMethodAccessorImpl.invoke(DelegatingMethodAccessorImpl.java:43)
at java.base/java.lang.reflect.Method.invoke(Method.java:568)
at org.testng.internal.MethodInvocationHelper.invokeMethod(MethodInvocationHelper.java:133)
at org.testng.internal.TestInvoker.invokeMethod(TestInvoker.java:598)
at org.testng.internal.TestInvoker.invokeTestMethod(TestInvoker.java:173)
at org.testng.internal.MethodRunner.runInSequence(MethodRunner.java:46)
at org.testng.internal.TestInvoker$MethodInvocationAgent.invoke(TestInvoker.java:824)
at org.testng.internal.TestInvoker.invokeTestMethods(TestInvoker.java:146)
at org.testng.internal.TestMethodWorker.invokeTestMethods(TestMethodWorker.java:146)
at org.testng.internal.TestMethodWorker.run(TestMethodWorker.java:128)
at java.base/java.util.ArrayList.forEach(ArrayList.java:1511)
at org.testng.TestRunner.privateRun(TestRunner.java:794)
at org.testng.TestRunner.run(TestRunner.java:596)
at org.testng.SuiteRunner.runTest(SuiteRunner.java:377)
at org.testng.SuiteRunner.runSequentially(SuiteRunner.java:371)
at org.testng.SuiteRunner.privateRun(SuiteRunner.java:332)
at org.testng.SuiteRunner.run(SuiteRunner.java:276)
at org.testng.SuiteRunnerWorker.runSuite(SuiteRunnerWorker.java:53)
at org.testng.SuiteRunnerWorker.run(SuiteRunnerWorker.java:96)
at org.testng.TestNG.runSuitesSequentially(TestNG.java:1212)
at org.testng.TestNG.runSuitesLocally(TestNG.java:1134)
at org.testng.TestNG.runSuites(TestNG.java:1063)
at org.testng.TestNG.run(TestNG.java:1031)
at org.testng.remote.AbstractRemoteTestNG.run(AbstractRemoteTestNG.java:115)
at org.testng.remote.RemoteTestNG.initAndRun(RemoteTestNG.java:251)
at org.testng.remote.RemoteTestNG.main(RemoteTestNG.java:77)
]]>
            </full-stacktrace>
          </exception> <!-- java.lang.AssertionError -->
          <reporter-output>
          </reporter-output>
        </test-method> <!-- qaPage -->
        <test-method signature="validations(java.lang.String,java.lang.String,java.lang.String,java.lang.String)[pri:5, instance:Numadics.QATest.Regression@58399d82]" started-at="2023-02-14T16:14:28 IST" name="validations" data-provider="UserInfo" finished-at="2023-02-14T16:14:42 IST" duration-ms="14664" status="PASS">
          <params>
            <param index="0">
              <value>
                <![CDATA[Varsha]]>
              </value>
            </param>
            <param index="1">
              <value>
                <![CDATA[Pandey]]>
              </value>
            </param>
            <param index="2">
              <value>
                <![CDATA[Varshapandey@gmail.com]]>
              </value>
            </param>
            <param index="3">
              <value>
                <![CDATA[8764567876]]>
              </value>
            </param>
          </params>
          <reporter-output>
          </reporter-output>
        </test-method> <!-- validations -->
        <test-method is-config="true" signature="tearDown()[pri:0, instance:Numadics.QATest.Regression@58399d82]" started-at="2023-02-14T16:14:42 IST" name="tearDown" finished-at="2023-02-14T16:14:43 IST" duration-ms="316" status="PASS">
          <reporter-output>
          </reporter-output>
        </test-method> <!-- tearDown -->
      </class> <!-- Numadics.QATest.Regression -->
    </test> <!-- Default test -->
  </suite> <!-- Default suite -->
</testng-results>
